<?xml version="1.0" encoding="UTF-8"?>
<Site BuildName="Linux-g++"
	BuildStamp="20231208-0430-Experimental"
	Name="node02"
	Generator="ctest-3.10.2"
	CompilerName="/usr/bin/g++"
	CompilerVersion="9.1.0"
	OSName="Linux"
	Hostname="node02"
	OSRelease="4.15.0-112-generic"
	OSVersion="#113-Ubuntu SMP Thu Jul 9 23:41:39 UTC 2020"
	OSPlatform="x86_64"
	Is64Bits="1"
	VendorString="GenuineIntel"
	VendorID="Intel Corporation"
	FamilyID="6"
	ModelID="85"
	ProcessorCacheSize="16896"
	NumberOfLogicalCPU="24"
	NumberOfPhysicalCPU="24"
	TotalVirtualMemory="0"
	TotalPhysicalMemory="225344"
	LogicalProcessorsPerPhysical="1"
	ProcessorClockFrequency="1000.05"
	>
	<Testing>
		<StartDateTime>Dec 08 12:30 CST</StartDateTime>
		<StartTestTime>1702009807</StartTestTime>
		<TestList/>
		<EndDateTime>Dec 08 12:30 CST</EndDateTime>
		<EndTestTime>1702009807</EndTestTime>
		<ElapsedMinutes>0</ElapsedMinutes>
	</Testing>
</Site>
